Log created: 2017-06-08T16:12:55.463330000Z
Executable: /usr/lib/virtualbox/VirtualBox
Arg[0]: /usr/lib/virtualbox/VirtualBox
Arg[1]: --comment
Arg[2]: LinkOS
Arg[3]: --startvm
Arg[4]: 424a0943-a9fb-44dc-8d99-0aa591ffec1b
Arg[5]: --no-startvm-errormsgbox
fatal error in recompiler cpu: Trying to execute code with memory type addr_code=00000000f000f020 addend=00000000b3db9000 at 00000000f000ff53. (iHandlerMemType=0x38 iMMIOMemType=0x30)

!!!!!!!!!!!!!!!!!!!!!!!!!!!!!!!!!!!!!!!!!!!!!!!!!!!!!!!!!!!!!!!!!!!!!!
!!
!!                 Guru Meditation -2301 (VERR_REM_VIRTUAL_CPU_ERROR)
!!
!!
!! {mappings, <NULL>}
!!

The mappings are FLOATING.
00000000ff400000 - 00000000ffbfffff  Hypervisor Memory Area
!!
!! {hma, <NULL>}
!!
Hypervisor Memory Area (HMA) Layout: Base 00000000ff400000, 0x00800000 bytes
00000000ffb99000-00000000ffb9a000                   DYNAMIC          fence
00000000ffb89000-00000000ffb99000                   DYNAMIC          Dynamic mapping
00000000ffb88000-00000000ffb89000                   DYNAMIC          fence
00000000ffb68000-00000000ffb88000 a31d8000 a31d8000 LOCKED           alloc once (PDM_DEVICE_USER)
00000000ffae8000-00000000ffb68000                   MMIO2   0000000000000000 VGA VRam
00000000ffae7000-00000000ffae8000                   DYNAMIC          fence
00000000ffad3000-00000000ffae7000 a381c000 a381c000 LOCKED           alloc once (PDM_DEVICE)
00000000ffad2000-00000000ffad3000                   DYNAMIC          fence
00000000ffacf000-00000000ffad2000 a8989000 00000000 LOCKED           VBoxDD2RC.rc
00000000fface000-00000000ffacf000                   DYNAMIC          fence
00000000ffaaf000-00000000fface000 a3d03000 00000000 LOCKED           VBoxDDRC.rc
00000000ffaae000-00000000ffaaf000                   DYNAMIC          fence
00000000ff8a8000-00000000ffaae000 a48fa000 a48fa000 LOCKED           alloc once (PATM)
00000000ff8a7000-00000000ff8a8000                   DYNAMIC          fence
00000000ff896000-00000000ff8a7000 a4c63000 a4c63000 LOCKED           alloc once (SELM)
00000000ff895000-00000000ff896000                   DYNAMIC          fence
00000000ff885000-00000000ff895000 a6038000 a6038000 LOCKED           alloc once (SELM)
00000000ff884000-00000000ff885000                   DYNAMIC          fence
00000000ff882000-00000000ff884000 a898c000 f860b000 HCPHYS  0000000036136000 Core Code
00000000ff881000-00000000ff882000                   DYNAMIC          fence
00000000ff880000-00000000ff881000 b778a000 00000000 HCPHYS  0000000032ef1000 GIP
00000000ff87f000-00000000ff880000                   DYNAMIC          fence
00000000ff67e000-00000000ff87f000 a4cf5000 a4cf5000 LOCKED           alloc once (PGM_PHYS)
00000000ff67d000-00000000ff67e000                   DYNAMIC          fence
00000000ff662000-00000000ff67d000 a6088000 a6088000 LOCKED           alloc once (PGM_POOL)
00000000ff661000-00000000ff662000                   DYNAMIC          fence
00000000ff65c000-00000000ff661000                   DYNAMIC          CR3 mapping
00000000ff65b000-00000000ff65c000                   DYNAMIC          fence
00000000ff566000-00000000ff65b000 a6143000 00000000 LOCKED           VMMRC.rc
00000000ff565000-00000000ff566000                   DYNAMIC          fence
00000000ff564000-00000000ff565000 b1101000 f85b9000 LOCKED           alloc once (CPUM_CTX)
00000000ff563000-00000000ff564000                   DYNAMIC          fence
00000000ff423000-00000000ff563000 a6238000 a6238000 LOCKED           Heap
00000000ff422000-00000000ff423000                   DYNAMIC          fence
00000000ff401000-00000000ff422000 a65aa000 fd442000 LOCKED           VM
00000000ff400000-00000000ff401000                   DYNAMIC          fence
!!
!! {cpumguest, verbose}
!!
Guest CPUM (VCPU 0) state: 
eax=ffffffb8 ebx=00010000 ecx=00000000 edx=f000ff53 esi=00000000 edi=00000000
eip=f000ff53 esp=001088b0 ebp=00000000 iopl=0         nv up di pl zr na pe nc
cs={0010 base=0000000000000000 limit=ffffffff flags=0000c09b} dr0=00000000 dr1=00000000
ds={0018 base=0000000000000000 limit=ffffffff flags=0000c093} dr2=00000000 dr3=00000000
es={0018 base=0000000000000000 limit=ffffffff flags=0000c093} dr4=00000000 dr5=00000000
fs={0018 base=0000000000000000 limit=ffffffff flags=0000c093} dr6=ffff0ff0 dr7=00000400
gs={0018 base=0000000000000000 limit=ffffffff flags=0000c093} cr0=00000011 cr2=00000000
ss={0018 base=0000000000000000 limit=ffffffff flags=0000c093} cr3=00000000 cr4=00000000
gdtr=0000000006609860:0020  idtr=0000000000000000:0000  eflags=00000002
ldtr={0000 base=00000000 limit=0000ffff flags=00000082}
tr  ={0000 base=00000000 limit=0000ffff flags=0000008b}
SysEnter={cs=0000 eip=00000000 esp=00000000}
xcr=0000000000000001 xcr1=0000000000000000 xss=0000000000000000 (fXStateMask=0000000000000000)
FCW=037f FSW=0000 FTW=0000 FOP=0000 MXCSR=00001f80 MXCSR_MASK=0000ffff
FPUIP=00000000 CS=0000 Rsrvd1=0000  FPUDP=00000000 DS=0000 Rsvrd2=0000
ST(0)=FPR0={0000'00000000'00000000} t0 +0.0000000000000000000000 ^ 0 (*)
ST(1)=FPR1={0000'00000000'00000000} t0 +0.0000000000000000000000 ^ 0 (*)
ST(2)=FPR2={0000'00000000'00000000} t0 +0.0000000000000000000000 ^ 0 (*)
ST(3)=FPR3={0000'00000000'00000000} t0 +0.0000000000000000000000 ^ 0 (*)
ST(4)=FPR4={0000'00000000'00000000} t0 +0.0000000000000000000000 ^ 0 (*)
ST(5)=FPR5={0000'00000000'00000000} t0 +0.0000000000000000000000 ^ 0 (*)
ST(6)=FPR6={0000'00000000'00000000} t0 +0.0000000000000000000000 ^ 0 (*)
ST(7)=FPR7={0000'00000000'00000000} t0 +0.0000000000000000000000 ^ 0 (*)
XMM0 =00000000'00000000'00000000'00000000  XMM1 =00000000'00000000'00000000'00000000
XMM2 =00000000'00000000'00000000'00000000  XMM3 =00000000'00000000'00000000'00000000
XMM4 =00000000'00000000'00000000'00000000  XMM5 =00000000'00000000'00000000'00000000
XMM6 =00000000'00000000'00000000'00000000  XMM7 =00000000'00000000'00000000'00000000
XMM8 =00000000'00000000'00000000'00000000  XMM9 =00000000'00000000'00000000'00000000
XMM10=00000000'00000000'00000000'00000000  XMM11=00000000'00000000'00000000'00000000
XMM12=00000000'00000000'00000000'00000000  XMM13=00000000'00000000'00000000'00000000
XMM14=00000000'00000000'00000000'00000000  XMM15=00000000'00000000'00000000'00000000
EFER         =0000000000000000
PAT          =0007040600070406
STAR         =0000000000000000
CSTAR        =0000000000000000
LSTAR        =0000000000000000
SFMASK       =0000000000000000
KERNELGSBASE =0000000000000000
!!
!! {cpumguestinstr, verbose}
!!

CPUM: Disas -> VERR_PGM_INVALID_GC_PHYSICAL_ADDRESS


!!
!! {cpumhyper, verbose}
!!
Hypervisor CPUM state: 
.eax=00000000 .ebx=00000000 .ecx=00000000 .edx=00000000 .esi=00000000 .edi=00000018
.eip=ff883b2b .esp=ff561000 .ebp=00000000 .iopl=0           nv up di pl zr na pe nc
.cs={fff8 base=0000000000000000 limit=00000000 flags=00000000} .dr0=00000000 .dr1=00000000
.ds={fff0 base=0000000000000000 limit=00000000 flags=00000000} .dr2=00000000 .dr3=00000000
.es={fff0 base=0000000000000000 limit=00000000 flags=00000000} .dr4=00000000 .dr5=00000000
.fs={0000 base=0000000000000000 limit=00000000 flags=00000000} .dr6=00000000 .dr7=00000400
.gs={0000 base=0000000000000000 limit=00000000 flags=00000000} .cr0=00000000 .cr2=00000000
.ss={fff0 base=0000000000000000 limit=00000000 flags=00000000} .cr3=2fad1000 .cr4=00000000
.gdtr=00000000ff885000:ffff  .idtr=00000000ff406c90:07ff  .eflags=00000000
.ldtr={0000 base=00000000 limit=00000000 flags=00000000}
.tr  ={ffe0 base=00000000 limit=00000000 flags=00000000}
.SysEnter={cs=0000 eip=00000000 esp=00000000}
.xcr=0000000000000000 .xcr1=0000000000000000 .xss=0000000000000000 (fXStateMask=0000000000000000)
.FCW=0000 .FSW=0000 .FTW=0000 .FOP=0000 .MXCSR=00000000 .MXCSR_MASK=00000000
.FPUIP=00000000 .CS=0000 .Rsrvd1=0000  .FPUDP=00000000 .DS=0000 .Rsvrd2=0000
.ST(0)=.FPR0={0000'00000000'00000000} t0 +0.0000000000000000000000 ^ 0 (*)
.ST(1)=.FPR1={0000'00000000'00000000} t0 +0.0000000000000000000000 ^ 0 (*)
.ST(2)=.FPR2={0000'00000000'00000000} t0 +0.0000000000000000000000 ^ 0 (*)
.ST(3)=.FPR3={0000'00000000'00000000} t0 +0.0000000000000000000000 ^ 0 (*)
.ST(4)=.FPR4={0000'00000000'00000000} t0 +0.0000000000000000000000 ^ 0 (*)
.ST(5)=.FPR5={0000'00000000'00000000} t0 +0.0000000000000000000000 ^ 0 (*)
.ST(6)=.FPR6={0000'00000000'00000000} t0 +0.0000000000000000000000 ^ 0 (*)
.ST(7)=.FPR7={0000'00000000'00000000} t0 +0.0000000000000000000000 ^ 0 (*)
.XMM0 =00000000'00000000'00000000'00000000  .XMM1 =00000000'00000000'00000000'00000000
.XMM2 =00000000'00000000'00000000'00000000  .XMM3 =00000000'00000000'00000000'00000000
.XMM4 =00000000'00000000'00000000'00000000  .XMM5 =00000000'00000000'00000000'00000000
.XMM6 =00000000'00000000'00000000'00000000  .XMM7 =00000000'00000000'00000000'00000000
.XMM8 =00000000'00000000'00000000'00000000  .XMM9 =00000000'00000000'00000000'00000000
.XMM10=00000000'00000000'00000000'00000000  .XMM11=00000000'00000000'00000000'00000000
.XMM12=00000000'00000000'00000000'00000000  .XMM13=00000000'00000000'00000000'00000000
.XMM14=00000000'00000000'00000000'00000000  .XMM15=00000000'00000000'00000000'00000000
.EFER         =0000000000000000
.PAT          =0000000000000000
.STAR         =0000000000000000
.CSTAR        =0000000000000000
.LSTAR        =0000000000000000
.SFMASK       =0000000000000000
.KERNELGSBASE =0000000000000000
CR4OrMask=0x204 CR4AndMask=0x403
!!
!! {cpumhost, verbose}
!!
Host CPUM state: 
eax=xxxxxxxx ebx=fd442000 ecx=xxxxxxxx edx=xxxxxxxx esi=00000000 edi=00000000
eip=xxxxxxxx esp=f48dfdcc ebp=f48dfe30 iopl=0         nv up di nt zr na po nc
cs=0000 ds=007b es=007b fs=00d8 gs=00e0                       eflags=00200086
cr0=3248800080050033 cr2=xxxxxxxx cr3=000406f0 cr4=00000000 gdtr=00000000:0000 ldtr=0000
dr[0]=fff67c5000 dr[1]=6000000000x dr[2]=00000000 dr[3]=00000000x dr[6]=9cbed22000000000 dr[7]=a6821d9cb5328cfa
SysEnter={cs=b757b7bc eip=00000002 esp=b52b8c75}
!!
!! {mode, all}
!!
Guest paging mode:  Protected (changed 667 times), A20 enabled (changed 2 times)
Shadow paging mode: PAE
Host paging mode:   PAE+G
!!
!! {cpuid, verbose}
!!
         Raw Standard CPUID Leaves
     Leaf/sub-leaf  eax      ebx      ecx      edx
Gst: 00000000/0000  0000000d 756e6547 6c65746e 49656e69
Hst:                0000000d 756e6547 6c65746e 49656e69
Gst: 00000001/0000  000306a9 00000800 00180209 078bf3bf
Hst:                000306a9 00000800 de98220b 078bfbff
Gst: 00000002/0000  76035a01 00f0b2ff 00000000 00ca0000
Hst:                76035a01 00f0b2ff 00000000 00ca0000
Gst: 00000003/0000  00000000 00000000 00000000 00000000
Hst:                00000000 00000000 00000000 00000000
Gst: 00000004/0000  00000121 01c0003f 0000003f 00000000
Hst:                00000121 01c0003f 0000003f 00000000
Gst: 00000004/0001  00000122 01c0003f 0000003f 00000000
Hst:                00000122 01c0003f 0000003f 00000000
Gst: 00000004/0002  00000143 01c0003f 000001ff 00000000
Hst:                00000143 01c0003f 000001ff 00000000
Gst: 00000004/0003  00000163 02c0003f 00000fff 00000006
Hst:                00000163 02c0003f 00000fff 00000006
Gst: 00000004/0004  00000000 00000000 00000000 00000000
Hst:                00000000 00000000 00000000 00000000
Gst: 00000005/0000  00000040 00000040 00000000 00000000
Hst:                00000040 00000040 00000000 00000000
Gst: 00000006/0000  00000000 00000000 00000000 00000000
Hst:                00000000 00000000 00000000 00000000
Gst: 00000007/0000  00000000 00000000 00000000 00000000
Hst:                00000000 00000000 00000000 00000000
Gst: 00000008/0000  00000000 00000000 00000000 00000000
Hst:                00000000 00000000 00000000 00000000
Gst: 00000009/0000  00000000 00000000 00000000 00000000
Hst:                00000000 00000000 00000000 00000000
Gst: 0000000a/0000  00000000 00000000 00000000 00000000
Hst:                00000000 00000000 00000000 00000000
Gst: 0000000b/0000  00000000 00000001 00000100 00000000
Hst:                00000000 00000001 00000100 00000000
Gst: 0000000b/0001  00000001 00000001 00000201 00000000
Hst:                00000001 00000001 00000201 00000000
Gst: 0000000b/0002  00000000 00000000 00000002 00000000
Hst:                00000000 00000000 00000002 00000000
Gst: 0000000c/0000  00000000 00000000 00000000 00000000
Hst:                00000000 00000000 00000000 00000000
Gst: 0000000d/0000  00000000 00000000 00000000 00000000
Hst:                00000007 00000340 00000340 00000000
Gst: 0000000d/0001  00000000 00000000 00000000 00000000
Hst:                00000000 00000000 00000000 00000000
Gst: 0000000d/0002  00000000 00000000 00000000 00000000
Hst:                00000100 00000240 00000000 00000000
Gst: 0000000d/0003  00000000 00000000 00000000 00000000
Hst:                00000000 00000000 00000000 00000000
                               Name: GenuineIntel
                           Supports: 0x00000000-0x0000000d
                             Family:  6 	Extended: 0 	Effective: 6
                              Model: 10 	Extended: 3 	Effective: 58
                           Stepping: 9
                               Type: 0 (primary)
                            APIC ID: 0x00
                       Logical CPUs: 0
                       CLFLUSH Size: 8
                           Brand ID: 0x00
Features
  Mnemonic - Description                                  = guest (host)
  FPU - x87 FPU on Chip                                   = 1 (1)
  VME - Virtual 8086 Mode Enhancements                    = 1 (1)
  DE - Debugging extensions                               = 1 (1)
  PSE - Page Size Extension                               = 1 (1)
  TSC - Time Stamp Counter                                = 1 (1)
  MSR - Model Specific Registers                          = 1 (1)
  PAE - Physical Address Extension                        = 0 (1)
  MCE - Machine Check Exception                           = 1 (1)
  CX8 - CMPXCHG8B instruction                             = 1 (1)
  APIC - APIC On-Chip                                     = 1 (1)
  SEP - SYSENTER and SYSEXIT Present                      = 0 (1)
  MTRR - Memory Type Range Registers                      = 1 (1)
  PGE - PTE Global Bit                                    = 1 (1)
  MCA - Machine Check Architecture                        = 1 (1)
  CMOV - Conditional Move instructions                    = 1 (1)
  PAT - Page Attribute Table                              = 1 (1)
  PSE-36 - 36-bit Page Size Extension                     = 1 (1)
  PSN - Processor Serial Number                           = 0 (0)
  CLFSH - CLFLUSH instruction                             = 1 (1)
  DS - Debug Store                                        = 0 (0)
  ACPI - Thermal Mon. & Soft. Clock Ctrl.                 = 0 (0)
  MMX - Intel MMX Technology                              = 1 (1)
  FXSR - FXSAVE and FXRSTOR instructions                  = 1 (1)
  SSE - SSE support                                       = 1 (1)
  SSE2 - SSE2 support                                     = 1 (1)
  SS - Self Snoop                                         = 0 (0)
  HTT - Hyper-Threading Technology                        = 0 (0)
  TM - Therm. Monitor                                     = 0 (0)
  PBE - Pending Break Enabled                             = 0 (0)
  SSE3 - SSE3 support                                     = 1 (1)
  PCLMUL - PCLMULQDQ support (for AES-GCM)                = 0 (1)
  DTES64 - DS Area 64-bit Layout                          = 0 (0)
  MONITOR - MONITOR/MWAIT instructions                    = 1 (1)
  CPL-DS - CPL Qualified Debug Store                      = 0 (0)
  VMX - Virtual Machine Extensions                        = 0 (0)
  SMX - Safer Mode Extensions                             = 0 (0)
  EST - Enhanced SpeedStep Technology                     = 0 (0)
  TM2 - Terminal Monitor 2                                = 0 (0)
  SSSE3 - Supplemental Streaming SIMD Extensions 3        = 1 (1)
  CNTX-ID - L1 Context ID                                 = 0 (0)
  SDBG - Silicon Debug interface                          = 0 (0)
  FMA - Fused Multiply Add extensions                     = 0 (0)
  CX16 - CMPXCHG16B instruction                           = 0 (1)
  TPRUPDATE - xTPR Update Control                         = 0 (0)
  PDCM - Perf/Debug Capability MSR                        = 0 (0)
  PCID - Process Context Identifiers                      = 0 (0)
  DCA - Direct Cache Access                               = 0 (0)
  SSE4_1 - SSE4_1 support                                 = 1 (1)
  SSE4_2 - SSE4_2 support                                 = 1 (1)
  X2APIC - x2APIC support                                 = 0 (0)
  MOVBE - MOVBE instruction                               = 0 (0)
  POPCNT - POPCNT instruction                             = 0 (1)
  TSCDEADL - Time Stamp Counter Deadline                  = 0 (0)
  AES - AES instructions                                  = 0 (1)
  XSAVE - XSAVE instruction                               = 0 (1)
  OSXSAVE - OSXSAVE instruction                           = 0 (1)
  AVX - AVX support                                       = 0 (1)
  F16C - 16-bit floating point conversion instructions    = 0 (0)
  RDRAND - RDRAND instruction                             = 0 (1)
  HVP - Hypervisor Present (we're a guest)                = 0 (1)
Structured Extended Feature Flags Enumeration (leaf 7):
  Mnemonic - Description                                  = guest (host)
  FSGSBASE - RDFSBASE/RDGSBASE/WRFSBASE/WRGSBASE instr.   = 0 (0)
  TSCADJUST - Supports MSR_IA32_TSC_ADJUST                = 0 (0)
  BMI1 - Advanced Bit Manipulation extension 1            = 0 (0)
  HLE - Hardware Lock Elision                             = 0 (0)
  AVX2 - Advanced Vector Extensions 2                     = 0 (0)
  SMEP - Supervisor Mode Execution Prevention             = 0 (0)
  BMI2 - Advanced Bit Manipulation extension 2            = 0 (0)
  ERMS - Enhanced REP MOVSB/STOSB instructions            = 0 (0)
  INVPCID - INVPCID instruction                           = 0 (0)
  RTM - Restricted Transactional Memory                   = 0 (0)
  PQM - Platform Quality of Service Monitoring            = 0 (0)
  DEPFPU_CS_DS - Deprecates FPU CS, FPU DS values if set  = 0 (0)
  MPE - Intel Memory Protection Extensions                = 0 (0)
  PQE - Platform Quality of Service Enforcement           = 0 (0)
  AVX512F - AVX512 Foundation instructions                = 0 (0)
  RDSEED - RDSEED instruction                             = 0 (0)
  ADX - ADCX/ADOX instructions                            = 0 (0)
  SMAP - Supervisor Mode Access Prevention                = 0 (0)
  CLFLUSHOPT - CLFLUSHOPT (Cache Line Flush) instruction  = 0 (0)
  INTEL_PT - Intel Processor Trace                        = 0 (0)
  AVX512PF - AVX512 Prefetch instructions                 = 0 (0)
  AVX512ER - AVX512 Exponential & Reciprocal instructions = 0 (0)
  AVX512CD - AVX512 Conflict Detection instructions       = 0 (0)
  SHA - Secure Hash Algorithm extensions                  = 0 (0)
  PREFETCHWT1 - PREFETCHWT1 instruction                   = 0 (0)
  PKU - Protection Key for Usermode pages                 = 0 (0)
  OSPKU - CR4.PKU mirror                                  = 0 (0)
Processor Extended State Enumeration (leaf 0xd):
   XSAVE area cur/max size by XCR0, guest: 0x0/0x0
    XSAVE area cur/max size by XCR0, host: 0x340/0x340
                   Valid XCR0 bits, guest: 0x00000000`00000000
                    Valid XCR0 bits, host: 0x00000000`00000007 ( x87 SSE YMM_Hi128 )
                    XSAVE features, guest:
                     XSAVE features, host:
      XSAVE area cur size XCR0|XSS, guest: 0x0
       XSAVE area cur size XCR0|XSS, host: 0x0
               Valid IA32_XSS bits, guest: 0x00000000`00000000
                Valid IA32_XSS bits, host: 0x00000000`00000000
  State #2, host:  off=0x0240, cb=0x0100 IA32_XSS-bit -- YMM_Hi128
         Raw Hypervisor CPUID Leaves
     Leaf/sub-leaf  eax      ebx      ecx      edx
Gst: 40000000/0000  40000001 786f4256 786f4256 786f4256
Hst:                40000001 4b4d564b 564b4d56 0000004d
Gst: 40000001/0000  656e6f6e 00000000 00000000 00000000
Hst:                01000089 00000000 00000000 00000000
         Raw Extended CPUID Leaves
     Leaf/sub-leaf  eax      ebx      ecx      edx
Gst: 80000000/0000  80000008 00000000 00000000 00000000
Hst:                80000008 00000000 00000000 00000000
Gst: 80000001/0000  00000000 00000000 00000001 08000000
Hst:                00000000 00000000 00000001 08100000
Gst: 80000002/0000  20202020 49202020 6c65746e 20295228
Hst:                20202020 49202020 6c65746e 20295228
Gst: 80000003/0000  65726f43 294d5428 2d356920 30333233
Hst:                65726f43 294d5428 2d356920 30333233
Gst: 80000004/0000  5043204d 20402055 30362e32 007a4847
Hst:                5043204d 20402055 30362e32 007a4847
Gst: 80000005/0000  00000000 00000000 00000000 00000000
Hst:                00000000 00000000 00000000 00000000
Gst: 80000006/0000  00000000 00000000 01006040 00000000
Hst:                00000000 00000000 01006040 00000000
Gst: 80000007/0000  00000000 00000000 00000000 00000100
Hst:                00000000 00000000 00000000 00000100
Gst: 80000008/0000  00003024 00000000 00000000 00000000
Hst:                00003024 00000000 00000000 00000000
Ext Name:                        
Ext Supports:                    0x80000000-0x80000008
Family:                          0  	Extended: 0 	Effective: 0
Model:                           0  	Extended: 0 	Effective: 0
Stepping:                        0
Brand ID:                        0x000
Ext Features
  Mnemonic - Description                                  = guest (host)
  FPU - x87 FPU on Chip                                   = 0 (0)
  VME - Virtual 8086 Mode Enhancements                    = 0 (0)
  DE - Debugging extensions                               = 0 (0)
  PSE - Page Size Extension                               = 0 (0)
  TSC - Time Stamp Counter                                = 0 (0)
  MSR - K86 Model Specific Registers                      = 0 (0)
  PAE - Physical Address Extension                        = 0 (0)
  MCE - Machine Check Exception                           = 0 (0)
  CX8 - CMPXCHG8B instruction                             = 0 (0)
  APIC - APIC On-Chip                                     = 0 (0)
  SEP - SYSCALL/SYSRET                                    = 0 (0)
  MTRR - Memory Type Range Registers                      = 0 (0)
  PGE - PTE Global Bit                                    = 0 (0)
  MCA - Machine Check Architecture                        = 0 (0)
  CMOV - Conditional Move instructions                    = 0 (0)
  PAT - Page Attribute Table                              = 0 (0)
  PSE-36 - 36-bit Page Size Extension                     = 0 (0)
  NX - No-Execute/Execute-Disable                         = 0 (1)
  AXMMX - AMD Extensions to MMX instructions              = 0 (0)
  MMX - Intel MMX Technology                              = 0 (0)
  FXSR - FXSAVE and FXRSTOR Instructions                  = 0 (0)
  FFXSR - AMD fast FXSAVE and FXRSTOR instructions        = 0 (0)
  Page1GB - 1 GB large page                               = 0 (0)
  RDTSCP - RDTSCP instruction                             = 1 (1)
  LM - AMD64 Long Mode                                    = 0 (0)
  3DNOWEXT - AMD Extensions to 3DNow                      = 0 (0)
  3DNOW - AMD 3DNow                                       = 0 (0)
  LahfSahf - LAHF/SAHF support in 64-bit mode             = 1 (1)
  CmpLegacy - Core multi-processing legacy mode           = 0 (0)
  SVM - AMD VM extensions                                 = 0 (0)
  EXTAPIC - AMD Extended APIC registers                   = 0 (0)
  CR8L - AMD LOCK MOV CR0 means MOV CR8                   = 0 (0)
  ABM - AMD Advanced Bit Manipulation                     = 0 (0)
  SSE4A - SSE4A instructions                              = 0 (0)
  MISALIGNSSE - AMD Misaligned SSE mode                   = 0 (0)
  3DNOWPRF - AMD PREFETCH and PREFETCHW instructions      = 0 (0)
  OSVW - AMD OS Visible Workaround                        = 0 (0)
  IBS - Instruct Based Sampling                           = 0 (0)
  XOP - Extended Operation support                        = 0 (0)
  SKINIT - SKINIT, STGI, and DEV support                  = 0 (0)
  WDT - AMD Watchdog Timer support                        = 0 (0)
  LWP - Lightweight Profiling support                     = 0 (0)
  FMA4 - Four operand FMA instruction support             = 0 (0)
  NodeId - NodeId in MSR C001_100C                        = 0 (0)
  TBM - Trailing Bit Manipulation instructions            = 0 (0)
  TOPOEXT - Topology Extensions                           = 0 (0)
Full Name:                       "       Intel(R) Core(TM) i5-3230M CPU @ 2.60GHz"
TLB 2/4M Instr/Uni:              res0     0 entries
TLB 2/4M Data:                   res0     0 entries
TLB 4K Instr/Uni:                res0     0 entries
TLB 4K Data:                     res0     0 entries
L1 Instr Cache Line Size:        0 bytes
L1 Instr Cache Lines Per Tag:    0
L1 Instr Cache Associativity:    res0  
L1 Instr Cache Size:             0 KB
L1 Data Cache Line Size:         0 bytes
L1 Data Cache Lines Per Tag:     0
L1 Data Cache Associativity:     res0  
L1 Data Cache Size:              0 KB
L2 TLB 2/4M Instr/Uni:           off       0 entries
L2 TLB 2/4M Data:                off       0 entries
L2 TLB 4K Instr/Uni:             off       0 entries
L2 TLB 4K Data:                  off       0 entries
L2 Cache Line Size:              0 bytes
L2 Cache Lines Per Tag:          0
L2 Cache Associativity:          off   
L2 Cache Size:                   0 KB
APM Features:                    TscInvariant
Host Invariant-TSC support:      true 
Physical Address Width:          36 bits
Virtual Address Width:           48 bits
Guest Physical Address Width:    0 bits
Physical Core Count:             1
!!
!! {handlers, phys virt hyper stats}
!!
Physical handlers: (PhysHandlers=55512 (0xd8d8))
From             - To (incl)         HandlerHC UserHC    HandlerGC UserGC    Type     Description
00000000000a0000 - 00000000000bffff  b524cf10  a625bb20  ff5d4550  ff446b20  MMIO     VGA - VGA Video Buffer
00000000000c0000 - 00000000000c8fff  b52704e0  a625bc80  ff5f6850  ff446c80  Write    VGA BIOS
00000000000e0000 - 00000000000e0fff  b52704e0  a6262830  ff5f6850  ff44d830  Write    ACPI RSDP
00000000000e1000 - 00000000000e1fff  b52704e0  a624b7b0  ff5f6850  ff4367b0  Write    DMI tables
00000000000e2000 - 00000000000effff  b52704e0  a624c060  ff5f6850  ff437060  Write    Net Boot ROM
00000000000f0000 - 00000000000fffff  b52704e0  a624b890  ff5f6850  ff436890  Write    PC BIOS - 0xfffff
00000000e0000000 - 00000000e04fffff  a3fed5a0  a381c0c0  ffab3410  ffad30c0  Write    VGA LFB
00000000f0000000 - 00000000f0000fff  b524cf10  a6263040  ff5d4550  ff44e040  MMIO     PCNet
00000000f0804000 - 00000000f0804fff  b524cf10  a6263260  ff5d4550  ff44e260  MMIO     USB OHCI
00000000fee00000 - 00000000fee00fff  b524cf10  a624e2f0  ff5d4550  ff4392f0  MMIO     APIC Memory
00000000ffff0000 - 00000000ffffffff  b52704e0  a624bbc0  ff5f6850  ff436bc0  Write    PC BIOS - 0xffffffff
Virtual handlers:
From             - To (excl)         HandlerHC HandlerGC Type       Description
Hypervisor Virtual handlers:
From             - To (excl)         HandlerHC HandlerGC Type       Description
00000000ff406c90 - 00000000ff40748f  00000000  ff568bf0  WriteHyp   Shadow IDT write access handler
00000000ff408160 - 00000000ff4081e7  00000000  ff568ac0  WriteHyp   Shadow TSS write access handler
00000000ff885000 - 00000000ff894fff  00000000  ff5689e0  WriteHyp   Shadow GDT write access handler
00000000ff896000 - 00000000ff8a6fff  00000000  ff568a50  WriteHyp   Shadow LDT write access handler
!!
!! {timers, <NULL>}
!!
Timers (pVM=a65aa000)
pTimerR3 offNext  offPrev  offSched Clock               Time             Expire HzHint State                     Description
a6263590 fffe9f40 ffff8910 00000000 Real             4410118            4410106      0 2-ACTIVE                  EMT Yielder
a6263530 00000000 fffe9fa0 00000000 Real             4410118            4410993      0 2-ACTIVE                  CPU Load Timer
a6262c90 00000000 fffec430 00000000 VrSy         13024249089       599932015941      0 2-ACTIVE                  ACPI PM Timer
a62612a0 00000000 00000000 00000000 Virt         13045322077                  0      0 1-STOPPED                 USB Frame Timer
a625ff00 00000000 00000000 00000000 Virt         13045322077        13044827915      0 2-ACTIVE                  DevIchAc97
a625fbe0 00000000 00000000 00000000 Virt         13045322077                  0      0 1-STOPPED                 PCNet Restore Timer
a625fb80 00000000 00000000 00000000 Virt         13045322077                  0      0 1-STOPPED                 PCNet SoftInt Timer
a625fb20 00000000 00000000 00000000 Virt         13045322077                  0      0 1-STOPPED                 PCNet Poll Timer
a625bea0 000076f0 00000000 00000000 Real             4410118            4410103      0 2-ACTIVE                  VGA Refresh Timer
a6256370 00000000 00000000 00000000 Virt         13045322077                  0      0 1-STOPPED                 Heartbeat flatlined
a624f120 00000000 00000000 00000000 VrSy         13024249089        12990244140      0 1-STOPPED                 MC146818 RTC/CMOS - Second2
a624f0c0 00013bd0 fffffaf0 00000000 VrSy         13024249089        13990000000      0 2-ACTIVE                  MC146818 RTC/CMOS - Second
a624f060 00000000 00000000 00000000 VrSy         13024249089                  0      0 1-STOPPED                 MC146818 RTC/CMOS - Periodic
a624ebb0 00000510 00000000 00000000 VrSy         13024249089        13051260162     18 2-ACTIVE                  i8254 Programmable Interval Timer
a624e450 00000000 00000000 00000000 VrSy         13024249089                  0      0 1-STOPPED                 APIC Timer #0
a624d5f0 00000000 00000000 00000000 Virt         13045322077                  0      0 1-STOPPED                 PS2M Delay Timer
a624d590 00000000 00000000 00000000 Real             4410119                  0      0 1-STOPPED                 PS2M Throttle Timer
a624d530 00000000 00000000 00000000 Virt         13045322077           97319074      0 1-STOPPED                 PS2K Delay Timer
a624d4d0 00016060 000160c0 00000000 Real             4410119            4410539      0 2-ACTIVE                  PS2K Typematic Timer
a624b370 00000000 00000000 00000000 Real             4410119                  0      0 1-STOPPED                 BlkCache-Commit
!!
!! {activetimers, <NULL>}
!!
Active Timers (pVM=a65aa000)
pTimerR3 offNext  offPrev  offSched Clock               Time             Expire HzHint State                     Description
a625bea0 000076f0 00000000 00000000 Real             4410119            4410103      0 2-ACTIVE                  VGA Refresh Timer
a6263590 fffe9f40 ffff8910 00000000 Real             4410119            4410106      0 2-ACTIVE                  EMT Yielder
a624d4d0 00016060 000160c0 00000000 Real             4410119            4410539      0 2-ACTIVE                  PS2K Typematic Timer
a6263530 00000000 fffe9fa0 00000000 Real             4410119            4410993      0 2-ACTIVE                  CPU Load Timer
a625ff00 00000000 00000000 00000000 Virt         13045322077        13044827915      0 2-ACTIVE                  DevIchAc97
a624ebb0 00000510 00000000 00000000 VrSy         13024249089        13051260162     18 2-ACTIVE                  i8254 Programmable Interval Timer
a624f0c0 00013bd0 fffffaf0 00000000 VrSy         13024249089        13990000000      0 2-ACTIVE                  MC146818 RTC/CMOS - Second
a6262c90 00000000 fffec430 00000000 VrSy         13024249089       599932015941      0 2-ACTIVE                  ACPI PM Timer
!!
!! {apic}
!!
Local APIC at 70fee00900:
  LAPIC ID  : 00000000
    APIC ID = 00
  APIC VER   : 00050014
    version  = 14
    lvts     = 6
  TPR        : 00000000
    task pri = 0/0
  PPR        : 00000000
    cpu pri  = 0/0
  LDR       : 00000000
    log id  = 00
  DFR       : 0fffffff
  SVR       : 0000010f
    focus   = check on
    lapic   = ENABLED
    vector  = 0f
  ISR       : 0000000000000000000000000000000000000000000000000000000000000000
    pending = none
  IRR       : 0000000000000000000000000000000000000000000000000000000000000000
    pending = none
!!
!! {cfgm}
!!
pRoot=b1009790:{/}
[/] (level 0)
  CSAMEnabled       <integer> = 0x0000000000000001 (1)
  CpuExecutionCap   <integer> = 0x0000000000000064 (100)
  EnablePAE         <integer> = 0x0000000000000000 (0)
  HMEnabled         <integer> = 0x0000000000000001 (1)
  MemBalloonSize    <integer> = 0x0000000000000000 (0)
  Name              <string>  = "LinkOS" (cb=7)
  NumCPUs           <integer> = 0x0000000000000001 (1)
  PATMEnabled       <integer> = 0x0000000000000001 (1)
  PageFusionAllowed <integer> = 0x0000000000000000 (0)
  RamHoleSize       <integer> = 0x0000000020000000 (536 870 912, 512 MB)
  RamSize           <integer> = 0x0000000020000000 (536 870 912, 512 MB)
  RawR0Enabled      <integer> = 0x0000000000000001 (1)
  RawR3Enabled      <integer> = 0x0000000000000001 (1)
  TimerMillies      <integer> = 0x000000000000000a (10)
  UUID              <bytes>   = "43 09 4a 42 fb a9 dc 44 8d 99 0a a5 91 ff ec 1b" (cb=16)

[/CPUM/] (level 1)
  PortableCpuIdLevel <integer> = 0x0000000000000000 (0)

[/DBGF/] (level 1)
  Path <string>  = "/home/jaka/VirtualBox VMs/LinkOS/debug/;/home/jaka/VirtualBox VMs/LinkOS/;/home/jaka/" (cb=86)

[/Devices/] (level 1)

[/Devices/8237A/] (level 2)

[/Devices/8237A/0/] (level 3)
  Trusted <integer> = 0x0000000000000001 (1)

[/Devices/8237A/0/Config/] (level 4) (restricted root)

[/Devices/VMMDev/] (level 2)

[/Devices/VMMDev/0/] (level 3)
  PCIBusNo      <integer> = 0x0000000000000000 (0)
  PCIDeviceNo   <integer> = 0x0000000000000004 (4)
  PCIFunctionNo <integer> = 0x0000000000000000 (0)
  Trusted       <integer> = 0x0000000000000001 (1)

[/Devices/VMMDev/0/Config/] (level 4) (restricted root)
  GuestCoreDumpDir <string>  = "/home/jaka/VirtualBox VMs/LinkOS/Snapshots" (cb=43)
  RamSize          <integer> = 0x0000000020000000 (536 870 912, 512 MB)

[/Devices/VMMDev/0/LUN#0/] (level 4)
  Driver <string>  = "HGCM" (cb=5)

[/Devices/VMMDev/0/LUN#0/Config/] (level 5) (restricted root)
  Object <integer> = 0x00000000b0a09328 (2 963 313 448)

[/Devices/VMMDev/0/LUN#999/] (level 4)
  Driver <string>  = "MainStatus" (cb=11)

[/Devices/VMMDev/0/LUN#999/Config/] (level 5) (restricted root)
  First   <integer> = 0x0000000000000000 (0)
  Last    <integer> = 0x0000000000000000 (0)
  papLeds <integer> = 0x00000000b0a00c0c (2 963 278 860)

[/Devices/acpi/] (level 2)

[/Devices/acpi/0/] (level 3)
  PCIBusNo      <integer> = 0x0000000000000000 (0)
  PCIDeviceNo   <integer> = 0x0000000000000007 (7)
  PCIFunctionNo <integer> = 0x0000000000000000 (0)
  Trusted       <integer> = 0x0000000000000001 (1)

[/Devices/acpi/0/Config/] (level 4) (restricted root)
  CpuHotPlug          <integer> = 0x0000000000000000 (0)
  FdcEnabled          <integer> = 0x0000000000000000 (0)
  HostBusPciAddress   <integer> = 0x0000000000000000 (0)
  HpetEnabled         <integer> = 0x0000000000000000 (0)
  IOAPIC              <integer> = 0x0000000000000000 (0)
  IocPciAddress       <integer> = 0x0000000000010000 (65 536)
  NumCPUs             <integer> = 0x0000000000000001 (1)
  Parallel0IoPortBase <integer> = 0x0000000000000000 (0)
  Parallel0Irq        <integer> = 0x0000000000000000 (0)
  Parallel1IoPortBase <integer> = 0x0000000000000000 (0)
  Parallel1Irq        <integer> = 0x0000000000000000 (0)
  RamHoleSize         <integer> = 0x0000000020000000 (536 870 912, 512 MB)
  RamSize             <integer> = 0x0000000020000000 (536 870 912, 512 MB)
  Serial0IoPortBase   <integer> = 0x0000000000000000 (0)
  Serial0Irq          <integer> = 0x0000000000000000 (0)
  Serial1IoPortBase   <integer> = 0x0000000000000000 (0)
  Serial1Irq          <integer> = 0x0000000000000000 (0)
  ShowCpu             <integer> = 0x0000000000000000 (0)
  ShowRtc             <integer> = 0x0000000000000000 (0)
  SmcEnabled          <integer> = 0x0000000000000000 (0)

[/Devices/acpi/0/LUN#0/] (level 4)
  Driver <string>  = "ACPIHost" (cb=9)

[/Devices/acpi/0/LUN#0/Config/] (level 5) (restricted root)

[/Devices/apic/] (level 2)

[/Devices/apic/0/] (level 3)
  Trusted <integer> = 0x0000000000000001 (1)

[/Devices/apic/0/Config/] (level 4) (restricted root)
  IOAPIC  <integer> = 0x0000000000000000 (0)
  NumCPUs <integer> = 0x0000000000000001 (1)

[/Devices/e1000/] (level 2)

[/Devices/i8254/] (level 2)

[/Devices/i8254/0/] (level 3)

[/Devices/i8254/0/Config/] (level 4) (restricted root)

[/Devices/i8259/] (level 2)

[/Devices/i8259/0/] (level 3)
  Trusted <integer> = 0x0000000000000001 (1)

[/Devices/i8259/0/Config/] (level 4) (restricted root)

[/Devices/ichac97/] (level 2)

[/Devices/ichac97/0/] (level 3)
  PCIBusNo      <integer> = 0x0000000000000000 (0)
  PCIDeviceNo   <integer> = 0x0000000000000005 (5)
  PCIFunctionNo <integer> = 0x0000000000000000 (0)
  Trusted       <integer> = 0x0000000000000001 (1)

[/Devices/ichac97/0/AudioConfig/] (level 4)

[/Devices/ichac97/0/Config/] (level 4) (restricted root)
  Codec <string>  = "STAC9700" (cb=9)

[/Devices/ichac97/0/LUN#0/] (level 4)
  Driver <string>  = "AUDIO" (cb=6)

[/Devices/ichac97/0/LUN#0/AttachedDriver/] (level 5)
  Driver <string>  = "PulseAudio" (cb=11)

[/Devices/ichac97/0/LUN#0/AttachedDriver/Config/] (level 6) (restricted root)
  StreamName <string>  = "LinkOS" (cb=7)

[/Devices/ichac97/0/LUN#0/Config/] (level 5) (restricted root)

[/Devices/ichac97/0/LUN#1/] (level 4)
  Driver <string>  = "AUDIO" (cb=6)

[/Devices/ichac97/0/LUN#1/AttachedDriver/] (level 5)
  Driver <string>  = "AudioVRDE" (cb=10)

[/Devices/ichac97/0/LUN#1/AttachedDriver/Config/] (level 6) (restricted root)
  AudioDriver      <string>  = "AudioVRDE" (cb=10)
  Object           <integer> = 0x00000000b0a065b8 (2 963 301 816)
  ObjectVRDPServer <integer> = 0x00000000b0a06760 (2 963 302 240)
  StreamName       <string>  = "LinkOS" (cb=7)

[/Devices/ichac97/0/LUN#1/Config/] (level 5) (restricted root)

[/Devices/mc146818/] (level 2)

[/Devices/mc146818/0/] (level 3)

[/Devices/mc146818/0/Config/] (level 4) (restricted root)
  UseUTC <integer> = 0x0000000000000000 (0)

[/Devices/parallel/] (level 2)

[/Devices/pcarch/] (level 2)

[/Devices/pcarch/0/] (level 3)
  Trusted <integer> = 0x0000000000000001 (1)

[/Devices/pcarch/0/Config/] (level 4) (restricted root)

[/Devices/pcbios/] (level 2)

[/Devices/pcbios/0/] (level 3)
  Trusted <integer> = 0x0000000000000001 (1)

[/Devices/pcbios/0/Config/] (level 4) (restricted root)
  BootDevice0    <string>  = "FLOPPY" (cb=7)
  BootDevice1    <string>  = "DVD" (cb=4)
  BootDevice2    <string>  = "IDE" (cb=4)
  BootDevice3    <string>  = "NONE" (cb=5)
  FloppyDevice   <string>  = "i82078" (cb=7)
  HardDiskDevice <string>  = "piix3ide" (cb=9)
  IOAPIC         <integer> = 0x0000000000000000 (0)
  McfgBase       <integer> = 0x0000000000000000 (0)
  McfgLength     <integer> = 0x0000000000000000 (0)
  NumCPUs        <integer> = 0x0000000000000001 (1)
  PXEDebug       <integer> = 0x0000000000000000 (0)
  RamHoleSize    <integer> = 0x0000000020000000 (536 870 912, 512 MB)
  RamSize        <integer> = 0x0000000020000000 (536 870 912, 512 MB)
  UUID           <bytes>   = "43 09 4a 42 fb a9 dc 44 8d 99 0a a5 91 ff ec 1b" (cb=16)

[/Devices/pcbios/0/Config/NetBoot/] (level 5)

[/Devices/pcbios/0/Config/NetBoot/0/] (level 6)
  NIC           <integer> = 0x0000000000000000 (0)
  PCIBusNo      <integer> = 0x0000000000000000 (0)
  PCIDeviceNo   <integer> = 0x0000000000000003 (3)
  PCIFunctionNo <integer> = 0x0000000000000000 (0)

[/Devices/pci/] (level 2)

[/Devices/pci/0/] (level 3)
  Trusted <integer> = 0x0000000000000001 (1)

[/Devices/pci/0/Config/] (level 4) (restricted root)
  IOAPIC <integer> = 0x0000000000000000 (0)

[/Devices/pckbd/] (level 2)

[/Devices/pckbd/0/] (level 3)
  Trusted <integer> = 0x0000000000000001 (1)

[/Devices/pckbd/0/Config/] (level 4) (restricted root)

[/Devices/pckbd/0/LUN#0/] (level 4)
  Driver <string>  = "KeyboardQueue" (cb=14)

[/Devices/pckbd/0/LUN#0/AttachedDriver/] (level 5)
  Driver <string>  = "MainKeyboard" (cb=13)

[/Devices/pckbd/0/LUN#0/AttachedDriver/Config/] (level 6) (restricted root)
  Object <integer> = 0x00000000b0a02fd8 (2 963 288 024)

[/Devices/pckbd/0/LUN#0/Config/] (level 5) (restricted root)
  QueueSize <integer> = 0x0000000000000040 (64)

[/Devices/pckbd/0/LUN#1/] (level 4)
  Driver <string>  = "MouseQueue" (cb=11)

[/Devices/pckbd/0/LUN#1/AttachedDriver/] (level 5)
  Driver <string>  = "MainMouse" (cb=10)

[/Devices/pckbd/0/LUN#1/AttachedDriver/Config/] (level 6) (restricted root)
  Object <integer> = 0x00000000b0a03480 (2 963 289 216)

[/Devices/pckbd/0/LUN#1/Config/] (level 5) (restricted root)
  QueueSize <integer> = 0x0000000000000080 (128)

[/Devices/pcnet/] (level 2)

[/Devices/pcnet/0/] (level 3)
  PCIBusNo      <integer> = 0x0000000000000000 (0)
  PCIDeviceNo   <integer> = 0x0000000000000003 (3)
  PCIFunctionNo <integer> = 0x0000000000000000 (0)
  Trusted       <integer> = 0x0000000000000001 (1)

[/Devices/pcnet/0/Config/] (level 4) (restricted root)
  Am79C973       <integer> = 0x0000000000000001 (1)
  CableConnected <integer> = 0x0000000000000001 (1)
  LineSpeed      <integer> = 0x0000000000000000 (0)
  MAC            <bytes>   = "08 00 27 d4 b4 5c" (cb=6)

[/Devices/pcnet/0/LUN#0/] (level 4)
  Driver <string>  = "NAT" (cb=4)

[/Devices/pcnet/0/LUN#0/Config/] (level 5) (restricted root)
  AliasMode       <integer> = 0x0000000000000000 (0)
  BootFile        <string>  = "LinkOS.pxe" (cb=11)
  DNSProxy        <integer> = 0x0000000000000000 (0)
  Network         <string>  = "10.0.2.0/24" (cb=12)
  PassDomain      <integer> = 0x0000000000000001 (1)
  TFTPPrefix      <string>  = "/home/jaka/.config/VirtualBox/TFTP" (cb=35)
  UseHostResolver <integer> = 0x0000000000000000 (0)

[/Devices/pcnet/0/LUN#999/] (level 4)
  Driver <string>  = "MainStatus" (cb=11)

[/Devices/pcnet/0/LUN#999/Config/] (level 5) (restricted root)
  First   <integer> = 0x0000000000000000 (0)
  Last    <integer> = 0x0000000000000000 (0)
  papLeds <integer> = 0x00000000b0a00b7c (2 963 278 716)

[/Devices/piix3ide/] (level 2)

[/Devices/piix3ide/0/] (level 3)
  PCIBusNo      <integer> = 0x0000000000000000 (0)
  PCIDeviceNo   <integer> = 0x0000000000000001 (1)
  PCIFunctionNo <integer> = 0x0000000000000001 (1)
  Trusted       <integer> = 0x0000000000000001 (1)

[/Devices/piix3ide/0/Config/] (level 4) (restricted root)
  Type <string>  = "PIIX4" (cb=6)

[/Devices/piix3ide/0/Config/SecondaryMaster/] (level 5)
  NonRotationalMedium <integer> = 0x0000000000000000 (0)

[/Devices/piix3ide/0/LUN#2/] (level 4)
  Driver <string>  = "Block" (cb=6)

[/Devices/piix3ide/0/LUN#2/AttachedDriver/] (level 5)
  Driver <string>  = "VD" (cb=3)

[/Devices/piix3ide/0/LUN#2/AttachedDriver/Config/] (level 6) (restricted root)
  Format   <string>  = "RAW" (cb=4)
  Path     <string>  = "/home/jaka/linkos/out/linkos.iso" (cb=33)
  ReadOnly <integer> = 0x0000000000000001 (1)
  Type     <string>  = "DVD" (cb=4)

[/Devices/piix3ide/0/LUN#2/Config/] (level 5) (restricted root)
  Mountable <integer> = 0x0000000000000001 (1)
  Type      <string>  = "DVD" (cb=4)

[/Devices/piix3ide/0/LUN#999/] (level 4)
  Driver <string>  = "MainStatus" (cb=11)

[/Devices/piix3ide/0/LUN#999/Config/] (level 5) (restricted root)
  DeviceInstance        <string>  = "piix3ide/0" (cb=11)
  First                 <integer> = 0x0000000000000000 (0)
  Last                  <integer> = 0x0000000000000003 (3)
  pConsole              <integer> = 0x00000000b0a00850 (2 963 277 904)
  papLeds               <integer> = 0x00000000b0a00a74 (2 963 278 452)
  pmapMediumAttachments <integer> = 0x00000000b0a00c1c (2 963 278 876)

[/Devices/serial/] (level 2)

[/Devices/usb-ohci/] (level 2)

[/Devices/usb-ohci/0/] (level 3)
  PCIBusNo      <integer> = 0x0000000000000000 (0)
  PCIDeviceNo   <integer> = 0x0000000000000006 (6)
  PCIFunctionNo <integer> = 0x0000000000000000 (0)
  Trusted       <integer> = 0x0000000000000001 (1)

[/Devices/usb-ohci/0/Config/] (level 4) (restricted root)

[/Devices/usb-ohci/0/LUN#0/] (level 4)
  Driver <string>  = "VUSBRootHub" (cb=12)

[/Devices/usb-ohci/0/LUN#0/Config/] (level 5) (restricted root)

[/Devices/usb-ohci/0/LUN#999/] (level 4)
  Driver <string>  = "MainStatus" (cb=11)

[/Devices/usb-ohci/0/LUN#999/Config/] (level 5) (restricted root)
  First   <integer> = 0x0000000000000000 (0)
  Last    <integer> = 0x0000000000000000 (0)
  papLeds <integer> = 0x00000000b0a00c10 (2 963 278 864)

[/Devices/vga/] (level 2)

[/Devices/vga/0/] (level 3)
  PCIBusNo      <integer> = 0x0000000000000000 (0)
  PCIDeviceNo   <integer> = 0x0000000000000002 (2)
  PCIFunctionNo <integer> = 0x0000000000000000 (0)
  Trusted       <integer> = 0x0000000000000001 (1)

[/Devices/vga/0/Config/] (level 4) (restricted root)
  CustomVideoModes <integer> = 0x0000000000000000 (0)
  FadeIn           <integer> = 0x0000000000000001 (1)
  FadeOut          <integer> = 0x0000000000000001 (1)
  HeightReduction  <integer> = 0x0000000000000000 (0)
  LogoFile         <string>  = "" (cb=1)
  LogoTime         <integer> = 0x0000000000000000 (0)
  MonitorCount     <integer> = 0x0000000000000001 (1)
  ShowBootMenu     <integer> = 0x0000000000000002 (2)
  VRamSize         <integer> = 0x0000000000500000 (5 242 880, 5 MB)

[/Devices/vga/0/LUN#0/] (level 4)
  Driver <string>  = "MainDisplay" (cb=12)

[/Devices/vga/0/LUN#0/Config/] (level 5) (restricted root)
  Object <integer> = 0x00000000b0a03bc0 (2 963 291 072)

[/Devices/vga/0/LUN#999/] (level 4)
  Driver <string>  = "MainStatus" (cb=11)

[/Devices/vga/0/LUN#999/Config/] (level 5) (restricted root)
  First   <integer> = 0x0000000000000000 (0)
  Last    <integer> = 0x0000000000000000 (0)
  papLeds <integer> = 0x00000000b0a00c18 (2 963 278 872)

[/Devices/virtio-net/] (level 2)

[/EM/] (level 1)
  TripleFaultReset <integer> = 0x0000000000000000 (0)

[/GIM/] (level 1)
  Provider <string>  = "None" (cb=5)

[/HM/] (level 1)
  64bitEnabled       <integer> = 0x0000000000000000 (0)
  EnableLargePages   <integer> = 0x0000000000000000 (0)
  EnableNestedPaging <integer> = 0x0000000000000001 (1)
  EnableUX           <integer> = 0x0000000000000001 (1)
  EnableVPID         <integer> = 0x0000000000000001 (1)
  Exclusive          <integer> = 0x0000000000000001 (1)
  HMForced           <integer> = 0x0000000000000000 (0)

[/MM/] (level 1)
  CanUseLargerHeap <integer> = 0x0000000000000000 (0)

[/PDM/] (level 1)

[/PDM/AsyncCompletion/] (level 2)

[/PDM/AsyncCompletion/File/] (level 3)

[/PDM/AsyncCompletion/File/BwGroups/] (level 4)

[/PDM/BlkCache/] (level 2)
  CacheSize <integer> = 0x0000000000500000 (5 242 880, 5 MB)

[/PDM/Devices/] (level 2)

[/PDM/Drivers/] (level 2)

[/PDM/Drivers/VBoxC/] (level 3)
  Path <string>  = "/usr/lib/virtualbox/components/VBoxC" (cb=37)

[/PDM/NetworkShaper/] (level 2)

[/PDM/NetworkShaper/BwGroups/] (level 3)

[/REM/] (level 1)
  64bitEnabled <integer> = 0x0000000000000001 (1)

[/TM/] (level 1)
  UTCOffset <integer> = 0x0000000000000000 (0)

[/USB/] (level 1)

[/USB/USBProxy/] (level 2)

[/USB/USBProxy/GlobalConfig/] (level 3)

!!
!! {clocks}
!!
Cpu Tick:        33770957138 (0x000007dce7e952) 2592929305Hz paused - virtualized - virtual clock
 Virtual:        13045322077 (0x000003098fd15d) 1000000000Hz paused
VirtSync:        13024249089 (0x000003084e4501) paused - catchup
          offset 15576596  catch-up rate 25 %
    Real:            4410130 (0x00000000434b12) 1000Hz
!!
!! {cmos1}
!!
First CMOS bank, offsets 0x0E - 0x7F
Offset 00 : --- use 'info rtc' to show CMOS clock --- 00 00
Offset 10 : 00 00 00 00 0e 80 02 ff-ff 00 00 00 00 00 00 00
Offset 20 : 00 00 00 00 00 00 00 00-00 00 00 00 00 00 02 8e
Offset 30 : ff ff 20 00 00 1f 00 20-20 00 00 00 00 31 00 00
Offset 40 : 00 00 00 00 00 00 00 00-00 00 00 00 00 00 00 00
Offset 50 : 00 00 00 00 00 00 00 00-00 00 00 00 00 00 00 00
Offset 60 : 01 00 00 00 00 00 00 00-00 00 00 00 00 00 00 00
Offset 70 : 00 00 00 00 00 00 00 00-00 00 00 00 00 00 00 00
!!
!! {cmos2}
!!
Second CMOS bank, offsets 0x80 - 0xFF
Offset 80 : 00 00 18 00 ff ff ff ff-ff ff 00 00 00 00 00 00
Offset 90 : 00 00 00 00 00 00 00 00-00 00 00 00 00 00 00 00
Offset a0 : 00 00 00 00 00 00 00 00-00 00 00 00 00 00 00 00
Offset b0 : 00 00 00 00 00 00 00 00-00 00 00 00 00 00 00 00
Offset c0 : 00 00 00 00 00 00 00 00-00 00 00 00 00 00 00 00
Offset d0 : 00 00 00 00 00 00 00 00-00 00 00 00 00 00 00 00
Offset e0 : 00 00 00 00 00 00 00 00-00 00 00 00 00 00 00 00
Offset f0 : 00 00 00 00 00 00 00 00-00 00 00 00 00 00 00 00
!!
!! {fflags}
!!
Global FFs: 0x8
    PDM_QUEUES
  Groups:
    EXTERNAL_HALTED, NORMAL_PRIORITY, ALL_REM
CPU 0 FFs: 0xfb0006
    INTERRUPT_PIC, TIMER, PGM_SYNC_CR3, PGM_SYNC_CR3_NON_GLOBAL, TLB_FLUSH, TRPM_SYNC_IDT,
    SELM_SYNC_TSS, SELM_SYNC_GDT, SELM_SYNC_LDT
  Groups:
    EXTERNAL_HALTED, HIGH_PRIORITY_PRE, HIGH_PRIORITY_PRE_RAW, HM_TO_R3, ALL_REM
!!
!! {gdt}
!!
Shadow GDT (GCAddr=ff885000):
ffd8 - 81e80087 ff008940 - base=ff4081e8 limit=00000087 dpl=0 TSS32Avail Present 16-bit  HyperTSSTrap08
ffe0 - 81600087 ff008b40 - base=ff408160 limit=00000087 dpl=0 TSS32Busy Present 16-bit  HyperTSS
ffe8 - 0000ffff 00af9b00 - base=00000000 limit=ffffffff dpl=0 CodeER Accessed Present Page 16-bit  HyperCS64
fff0 - 0000ffff 00cf9300 - base=00000000 limit=ffffffff dpl=0 DataRW Accessed Present Page 32-bit  HyperDS
fff8 - 0000ffff 00cf9b00 - base=00000000 limit=ffffffff dpl=0 CodeER Accessed Present Page 32-bit  HyperCS
!!
!! {gdtguest}
!!
Guest GDT (GCAddr=0000000006609860 limit=20):
0010 - 0000ffff 00cf9b00 - base=00000000 limit=ffffffff dpl=0 CodeER Accessed Present Page 32-bit 
0018 - 0000ffff 00cf9300 - base=00000000 limit=ffffffff dpl=0 DataRW Accessed Present Page 32-bit 
!!
!! {guestprops}
!!
/VirtualBox/HostInfo/GUI/LanguageID: 'en_US', 1496934340687984000
/VirtualBox/HostInfo/VBoxVerExt: '5.0.16', 1496938362193656000 (TRANSIENT, RDONLYGUEST)
/VirtualBox/HostGuest/SysprepExec: '', 1496938362193259000 (TRANSIENT, RDONLYGUEST)
/VirtualBox/HostGuest/SysprepArgs: '', 1496938362193292000 (TRANSIENT, RDONLYGUEST)
/VirtualBox/HostInfo/VBoxRev: '105871', 1496938362193671000 (TRANSIENT, RDONLYGUEST)
/VirtualBox/HostInfo/VBoxVer: '5.0.16', 1496938362193639000 (TRANSIENT, RDONLYGUEST)
!!
!! {ioport}
!!
I/O Port R3 ranges (pVM=a65aa000)
Range     pDevIns  In       Out      pvUser   Description
0000-0007 a4b6a610 a402fb40 a40305f0 a4b6a6d8 DMA8 Address
0008-000f a4b6a610 a402fbc0 a40306b0 a4b6a6d8 DMA8 Control
0020-0021 a624e4b0 a4001180 a40012b0 00000000 i8259 PIC #0
0040-0043 a624e920 a3ffe5e0 a3fffe80 00000000 i8254 Programmable Interval Timer
0060-0060 a624cf50 a3fd6420 a3fd67f0 00000000 PC Keyboard - Data
0061-0061 a624e920 a3ffedc0 a3fff110 00000000 PC Speaker
0064-0064 a624cf50 a3fd5ba0 a3fd64b0 00000000 PC Keyboard - Command / Status
0070-0073 a624ed50 a4007580 a4008680 00000000 MC146818 RTC/CMOS
0080-0087 a4b6a610 a402fc80 a40307e0 a4b6a6d8 DMA8 Page
0088-008f a4b6a610 a402fc80 a40307e0 a4b6a744 DMA16 Page
0092-0092 a4b478d0 a400ed60 a400ed90 00000000 PS/2 system control port A (A20 and more)
00a0-00a1 a624e4b0 a4001180 a40012b0 00000001 i8259 PIC #1
00c0-00cf a4b6a610 a402fb40 a40305f0 a4b6a744 DMA16 Address
00d0-00df a4b6a610 a402fbc0 a40306b0 a4b6a744 DMA16 Control
00f0-00ff a4b478d0 a400ec30 a400ed20 00000000 Math Co-Processor (DOS/OS2 mode)
0170-0170 a625bf80 a3ffd870 a3ffd6b0 00000001 ATA I/O Base 1 - Data
0171-0177 a625bf80 a3ff5cc0 a3ff68b0 00000001 ATA I/O Base 1 - Other
01ce-01ce a381c000 a3fec350 a3fec2e0 00000000 VGA/VBE - Index
01cf-01cf a381c000 a3fec250 a3fee950 00000000 VGA/VBE - Data
01f0-01f0 a625bf80 a3ffd870 a3ffd6b0 00000000 ATA I/O Base 1 - Data
01f1-01f7 a625bf80 a3ff5cc0 a3ff68b0 00000000 ATA I/O Base 1 - Other
0376-0376 a625bf80 a3ff2d40 a3ff77a0 00000001 ATA I/O Base 2
03b0-03b3 a381c000 a3fed4a0 a3fed500 00000000 VGA - 3b0 (HGSMI host)
03b4-03b5 a381c000 a3fe8860 a3feda50 00000000 VGA - 3b4
03b6-03b6 a381c000 a3fe8950 a3fe8930 00000000 VBE BIOS Extra Data
03b7-03b7 a381c000 a3fe88e0 a3fe88f0 00000000 VGA BIOS debug/panic
03b8-03b8 a381c000 a3fe8d00 a3fec3c0 00000000 BIOS Logo
03ba-03ba a381c000 a3fe8860 a3feda50 00000000 VGA - 3ba
03c0-03cf a381c000 a3fe8860 a3feda50 00000000 VGA - 3c0
03d0-03d3 a381c000 a3fed4a0 a3fed500 00000000 VGA - 3d0 (HGSMI guest)
03d4-03d5 a381c000 a3fe8860 a3feda50 00000000 VGA - 3d4
03da-03da a381c000 a3fe8860 a3feda50 00000000 VGA - 3da
03f6-03f6 a625bf80 a3ff2d40 a3ff77a0 00000000 ATA I/O Base 2
0400-0403 a4b47c78 a4008ba0 a4009d90 00000000 Bochs PC BIOS - Panic & Debug
04d0-04d0 a624e4b0 a4000550 a40005d0 a624e570 i8259 PIC #0 - elcr
04d1-04d1 a624e4b0 a4000550 a40005d0 a624e5b0 i8259 PIC #1 - elcr
0504-0504 a624f3c0 b515f950 a4011370 00000000 VMMDev backdoor logging
0505-0505 a624f3c0 a40112e0 a40112a0 00000000 VMMDev timesync backdoor
0cf8-0cf8 a624c340 a3fde310 a3fde2b0 00000000 i440FX (PCI)
0cfc-0cff a624c340 a3fdd370 a3fdd300 00000000 i440FX (PCI)
4000-4000 a6261300 a4001de0 a4002850 a62613c0 ACPI PM1a Status
4002-4002 a6261300 a4001e40 a40028f0 a62613c0 ACPI PM1a Enable
4004-4004 a6261300 a4001d80 a4002df0 a62613c0 ACPI PM1a Control
4008-4008 a6261300 a4002740 b515f450 a62613c0 ACPI PM Timer
4020-4020 a6261300 a4001cc0 a4003430 a62613c0 ACPI GPE0 Status
4021-4021 a6261300 a4001d20 a4003490 a62613c0 ACPI GPE0 Enable
4040-4040 a6261300 b515f950 a4002a20 a62613c0 ACPI Battery status index
4044-4044 a6261300 a40021d0 b515f450 a62613c0 ACPI Battery status data
4048-4048 a6261300 b515f950 a4002970 a62613c0 ACPI system info index
404c-404c a6261300 a4001ea0 a4003030 a62613c0 ACPI system info data
4050-4050 a6261300 b515f950 a4002fd0 a62613c0 ACPI Reset
442e-442e a6261300 b515f950 a4002aa0 a62613c0 ACPI SMI
8900-8900 a4b47c78 a4008ba0 a4009d90 00000000 Bochs PC BIOS - Shutdown
d000-d007 a625bf80 a3ff2e00 a3ff7610 00000000 ATA Bus Master DMA
d008-d00f a625bf80 a3ff2e00 a3ff7610 00000001 ATA Bus Master DMA
d020-d02f a625d4c0 a401a4e0 a401a3c0 00000000 PCNet ARPOM
d030-d03f a625d4c0 a401ff40 a4020ad0 00000000 PCNet
d040-d040 a624f3c0 b515f950 a4012f40 a624f480 VMMDev Request Handler
d100-d1ff a4b8cc00 a4022520 a4023c00 a4b8ccc0 ICHAC97 NAM
d200-d23f a4b8cc00 a4020b40 a4021780 a4b8ccc0 ICHAC97 NABM
I/O Port R0 ranges (pVM=a65aa000)
Range     pDevIns  In       Out      pvUser   Description
0020-0021 a624e4b0 fdba8b00 fdba8c30 00000000 i8259 PIC #0
0040-0043 a624e920 fdba8230 fdba83b0 00000000 i8254 Programmable Interval Timer
0060-0060 a624cf50 fdba6c30 fdba6cc0 00000000 PC Keyboard - Data
0064-0064 a624cf50 fdba6e40 fdba6e80 00000000 PC Keyboard - Command / Status
0070-0073 a624ed50 fdba9250 fdba93b0 00000000 MC146818 RTC/CMOS
00a0-00a1 a624e4b0 fdba8b00 fdba8c30 00000001 i8259 PIC #1
0170-0170 a625bf80 fdbaaca0 fdbaaa70 00000001 ATA I/O Base 1 - Data
0171-0177 a625bf80 fdbab740 fdbab420 00000001 ATA I/O Base 1 - Other
01ce-01ce a381c000 fdba5cb0 fdba5bb0 00000000 VGA/VBE - Index (GC)
01cf-01cf a381c000 fdba5c20 fdba5b20 00000000 VGA/VBE - Data (GC)
01f0-01f0 a625bf80 fdbaaca0 fdbaaa70 00000000 ATA I/O Base 1 - Data
01f1-01f7 a625bf80 fdbab740 fdbab420 00000000 ATA I/O Base 1 - Other
0376-0376 a625bf80 fdbabb20 fdbab9e0 00000001 ATA I/O Base 2
03b4-03b5 a381c000 fdba5aa0 fdba5a40 00000000 VGA - 3b4 (GC)
03b7-03b7 a381c000 fdba6a20 fdba6a30 00000000 VGA BIOS debug/panic
03ba-03ba a381c000 fdba5aa0 fdba5a40 00000000 VGA - 3ba (GC)
03c0-03cf a381c000 fdba5aa0 fdba5a40 00000000 VGA - 3c0 (GC)
03d4-03d5 a381c000 fdba5aa0 fdba5a40 00000000 VGA - 3d4 (GC)
03da-03da a381c000 fdba5aa0 fdba5a40 00000000 VGA - 3da (GC)
03f6-03f6 a625bf80 fdbabb20 fdbab9e0 00000000 ATA I/O Base 2
04d0-04d0 a624e4b0 fdba8ff0 fdba9070 a624e570 i8259 PIC #0 - elcr
04d1-04d1 a624e4b0 fdba8ff0 fdba9070 a624e5b0 i8259 PIC #1 - elcr
0cf8-0cf8 a624c340 fdba35e0 fdba3580 00000000 i440FX (PCI)
0cfc-0cff a624c340 fdba36f0 fdba3650 00000000 i440FX (PCI)
4008-4008 a6261300 fdba7d80 00000000 00000000 ACPI PM Timer
d000-d007 a625bf80 fdbab1c0 fdbab290 00000000 ATA Bus Master DMA
d008-d00f a625bf80 fdbab1c0 fdbab290 00000001 ATA Bus Master DMA
d020-d02f a625d4c0 fdbae020 fdbae100 00000000 PCNet aprom
d030-d03f a625d4c0 fdbae130 fdbae1f0 00000000 PCNet
I/O Port GC ranges (pVM=a65aa000)
Range     pDevIns  In       Out      pvUser   Description
0020-0021 ff4394b0 ffab5560 ffab5690 00000000 i8259 PIC #0
0040-0043 ff439920 ffab4c90 ffab4e10 00000000 i8254 Programmable Interval Timer
0060-0060 ff437f50 ffab3690 ffab3720 00000000 PC Keyboard - Data
0061-0061 ff439920 ffab5060 00000000 00000000 PC Speaker
0064-0064 ff437f50 ffab38a0 ffab38e0 00000000 PC Keyboard - Command / Status
0070-0073 ff439d50 ffab5cb0 ffab5e10 00000000 MC146818 RTC/CMOS
00a0-00a1 ff4394b0 ffab5560 ffab5690 00000001 i8259 PIC #1
0170-0170 ff446f80 ffab72a0 ffab71b0 00000001 ATA I/O Base 1 - Data
0171-0177 ff446f80 ffab7b90 ffab7870 00000001 ATA I/O Base 1 - Other
01ce-01ce ffad3000 ffab2660 ffab2560 00000000 VGA/VBE - Index (GC)
01cf-01cf ffad3000 ffab25d0 ffab24d0 00000000 VGA/VBE - Data (GC)
01f0-01f0 ff446f80 ffab72a0 ffab71b0 00000000 ATA I/O Base 1 - Data
01f1-01f7 ff446f80 ffab7b90 ffab7870 00000000 ATA I/O Base 1 - Other
0376-0376 ff446f80 ffab7f70 ffab7e30 00000001 ATA I/O Base 2
03b4-03b5 ffad3000 ffab2450 ffab23f0 00000000 VGA - 3b4 (GC)
03ba-03ba ffad3000 ffab2450 ffab23f0 00000000 VGA - 3ba (GC)
03c0-03cf ffad3000 ffab2450 ffab23f0 00000000 VGA - 3c0 (GC)
03d4-03d5 ffad3000 ffab2450 ffab23f0 00000000 VGA - 3d4 (GC)
03da-03da ffad3000 ffab2450 ffab23f0 00000000 VGA - 3da (GC)
03f6-03f6 ff446f80 ffab7f70 ffab7e30 00000000 ATA I/O Base 2
04d0-04d0 ff4394b0 ffab5a50 ffab5ad0 ff439570 i8259 PIC #0 - elcr
04d1-04d1 ff4394b0 ffab5a50 ffab5ad0 ff4395b0 i8259 PIC #1 - elcr
0cf8-0cf8 ff437340 ffab05c0 ffab0560 00000000 i440FX (PCI)
0cfc-0cff ff437340 ffab06d0 ffab0630 00000000 i440FX (PCI)
4008-4008 ff44c300 ffab47e0 00000000 00000000 ACPI PM Timer
d000-d007 ff446f80 ffab7670 ffab7740 00000000 ATA Bus Master DMA
d008-d00f ff446f80 ffab7670 ffab7740 00000001 ATA Bus Master DMA
d020-d02f ff4484c0 ffaba470 ffaba550 00000000 PCNet aprom
d030-d03f ff4484c0 ffaba580 ffaba640 00000000 PCNet
!!
!! {ldt}
!!
Shadow LDT (GCAddr=ff896000 limit=0x0):
!!
!! {ldtguest}
!!
Guest LDT (Sel=0): Null-Selector
!!
!! {mmio}
!!
MMIO ranges (pVM=a65aa000)
GC Phys Range                     pDevIns  Read     Write    Fill     pvUser   Description
00000000000a0000-00000000000bffff a381c000 a3fed240 a3febf60 a3fec770 00000000 VGA - VGA Video Buffer
                               R0 a381c000 fdba6500 fdba6760 fdba5d20 00000000
                               RC ffad3000 ffab2f00 ffab31c0 ffab26d0 00000000
00000000f0000000-00000000f0000fff a625d4c0 a401fdd0 a40209a0 00000000 a625d580 PCNet
                               R0 00000000 00000000 00000000 00000000 00000000
                               RC 00000000 00000000 00000000 00000000 00000000
00000000f0804000-00000000f0804fff a625ff60 a406e3e0 a406e470 00000000 00000000 USB OHCI
                               R0 a625ff60 fdbb4130 fdbb41c0 00000000 00000000
                               RC ff44af60 ffabfbe0 ffabfc70 00000000 00000000
00000000fee00000-00000000fee00fff a624d7d0 a3f67300 a3f67f90 00000000 a624d890 APIC Memory
                               R0 a624d7d0 f8820bb0 f8820c40 00000000 00000000
                               RC ff4387d0 ffad0b90 ffad0c20 00000000 00000000
!!
!! {nat0}
!!
NAT parameters: MTU=1500
NAT TCP ports:
NAT UDP ports:
NAT ARP cache:
NAT rules:
!!
!! {ohci}
!!
HcControl: 00000200 - CBSR=0 PLE=0 IE=0 CLE=0 BLE=0 HCFS=0x0 IR=0 RWC=1 RWE=0
HcCommandStatus:   00000000 - HCR=0 CLF=0 BLF=0 OCR=0 SOC=0
HcInterruptStatus: 00000000 - SO=0 WDH=0 SF=0 RD=0 UE=0 FNO=0 RHSC=0 OC=0
HcInterruptEnable: 80000000 - SO=0 WDH=0 SF=0 RD=0 UE=0 FNO=0 RHSC=0 OC=0 MIE=1
HcHCCA: 00000000
HcPeriodCurrentED:  00000000
HcControlHeadED:    00000000
HcControlCurrentED: 00000000
HcBulkHeadED:       00000000
HcBulkCurrentED:    00000000
HcDoneHead:         00000000

!!
!! {pci}
!!
00:00:00 i440FX: 8086-1237
        Command: 00 00, Status: 00 00
        Bus master: No
00:01:00 PIIX3: 8086-7000
        Command: 07 00, Status: 00 02
        Bus master: Yes
00:01:01 piix3ide: 8086-7111
        IO region #4: d000..d010
        Command: 07 00, Status: 00 00
        Bus master: Yes
00:02:00 vga: 80ee-beef IRQ11
        MMIO32 PREFETCH region #0: e0000000..e0800000
        Command: 07 00, Status: 00 00
        Bus master: Yes
00:03:00 pcnet: 1022-2000 IRQ10
        IO region #0: d020..d040
        MMIO32 region #1: f0000000..f0001000
        Command: 07 00, Status: 80 02
        Bus master: Yes
00:04:00 VMMDev: 80ee-cafe IRQ9
        IO region #0: d040..d060
        MMIO32 region #1: f0400000..f0800000
        MMIO32 PREFETCH region #2: f0800000..f0804000
        Command: 07 00, Status: 00 00
        Bus master: Yes
00:05:00 ichac97: 8086-2415 IRQ11
        IO region #0: d100..d200
        IO region #1: d200..d240
        Command: 07 00, Status: 80 02
        Bus master: Yes
00:06:00 usb-ohci: 106b-003f IRQ11
        MMIO32 region #0: f0804000..f0805000
        Command: 07 00, Status: 10 00
        Bus master: Yes
00:07:00 acpi: 8086-7113 IRQ9
        Command: 07 00, Status: 80 02
        Bus master: Yes
!!
!! {pciirq}
!!
PCI interrupt router at: 00:01:0
PIRQA -> IRQ11
PIRQB -> IRQ11
PIRQC -> IRQ10
PIRQD -> IRQ9
!!
!! {pcnet0}
!!
pcnet #0: port=d020 mmio=f0000000 mac-cfg=08:00:27:d4:b4:5c Am79C973 RC R0
CSR0=0x0004:
CSR1=0x0000:
CSR2=0x0000:
CSR3=0x0000: BSWP=0 EMBA=0 DXMT2PD=0 LAPPEN=0 DXSUFLO=0 IDONM=0 TINTM=0 RINTM=0 MERRM=0 MISSM=0 BABLM=0
CSR4=0x0115: JABM=1 JAB=0 TXSTRM=1 TXSTRT=0 RCVCOOM=1 RCVCCO=0 UINT=0 UINTCMD=0
              MFCOM=1 MFCO=0 ASTRP_RCV=0 APAD_XMT=0 DPOLL=0 TIMER=0 EMAPLUS=0 EN124=0
CSR5=0x0000:
CSR6=0x0000: RLEN=0x0* TLEN=0x0* [* encoded]
CSR8..11=0x0000,0x0000,0x0000,0x0000: LADRF=0x0000000000000000
CSR12..14=0x0008,0xd427,0x5cb4: PADR=08:00:27:d4:b4:5c (Current MAC Address)
CSR15=0x0000: DXR=0 DTX=0 LOOP=0 DXMTFCS=0 FCOLL=0 DRTY=0 INTL=0 PORTSEL=0 LTR=0
              MENDECL=0 DAPC=0 DLNKTST=0 DRCVPV=0 DRCVBC=0 PROM=0
CSR46=0x0000: POLL=0x0000 (Poll Time Counter)
CSR47=0x0000: POLLINT=0x0000 (Poll Time Interval)
CSR58=0x0200: SWSTYLE=0 C-LANCE / PCnet-ISA SSIZE32=0 CSRPCNET=1 APERRENT=0
CSR112=0000: MFC=0000 (Missed receive Frame Count)
CSR122=0000: RCVALGN=0000 (Receive Frame Align)
CSR124=0000: RPA=0000 (Runt Packet Accept)
RCVRL=0001 RCVRC=0001  GCRDRA=0 
CRDA=00000000 CRBA=00000000 CRBC=000 CRST=0000
NRDA=00000000 NRBA=00000000 NRBC=000 NRST=0000
NNRDA=00000000
XMTRL=0001 XMTRC=0001  GCTDRA=00000000 BADX=00000000
PXDA=00000000               PXBC=000 PXST=0000
CXDA=00000000 CXBA=00000000 CXBC=000 CXST=0000
NXDA=00000000 NXBA=00000000 NXBC=000 NXST=0000
NNXDA=00000000
!!
!! {pdmtracingids}
!!
Device tracing IDs:
00001  pcarch
00002  pcbios
00003  pci
00004  pckbd
00005  apic
00006  i8259
00007  i8254
00008  mc146818
00009  8237A
00010  VMMDev
00011  vga
00012  piix3ide
00013  pcnet
00014  ichac97
00015  usb-ohci
00016  acpi
USB device tracing IDs:
Driver tracing IDs:
01025  KeyboardQueue (level 0, lun 0, dev pckbd)
01026  MainKeyboard (level 1, lun 0, dev pckbd)
01027  MouseQueue (level 0, lun 1, dev pckbd)
01028  MainMouse (level 1, lun 1, dev pckbd)
01029  HGCM (level 0, lun 0, dev VMMDev)
01030  MainStatus (level 0, lun 999, dev VMMDev)
01031  MainDisplay (level 0, lun 0, dev vga)
01032  MainStatus (level 0, lun 999, dev vga)
01033  MainStatus (level 0, lun 999, dev piix3ide)
01034  Block (level 0, lun 2, dev piix3ide)
01035  VD (level 1, lun 2, dev piix3ide)
01036  MainStatus (level 0, lun 999, dev pcnet)
01037  NAT (level 0, lun 0, dev pcnet)
01038  AUDIO (level 0, lun 0, dev ichac97)
01039  PulseAudio (level 1, lun 0, dev ichac97)
01040  AUDIO (level 0, lun 1, dev ichac97)
01041  AudioVRDE (level 1, lun 1, dev ichac97)
01042  VUSBRootHub (level 0, lun 0, dev usb-ohci)
01043  MainStatus (level 0, lun 999, dev usb-ohci)
01044  ACPIHost (level 0, lun 0, dev acpi)
!!
!! {phys}
!!
RAM ranges (pVM=a65aa000)
GC Phys Range                     pvHC    
0000000000000000-000000001fffffff 00000000 Base RAM
00000000e0000000-00000000e04fffff a331c000 VRam
00000000f0000000-00000000f0000fff 00000000 PCNet
00000000f0400000-00000000f07fffff a38b1000 VMMDev
00000000f0800000-00000000f0803fff a87e8000 VMMDev Heap
00000000f0804000-00000000f0804fff 00000000 USB OHCI
00000000fee00000-00000000fee00fff 00000000 APIC Memory
00000000ffff0000-00000000ffffffff 00000000 PC BIOS - 0xffffffff
!!
!! {pic}
!!
PIC0:
 IMR :b8 ISR   :00 IRR   :01 LIRR:01
 Base:08 PriAdd:00 RegSel:00
 Poll:00 SpMask:00 IState:00
 AEOI:00 Rotate:00 FNest :00 Ini4:01
 ELCR:00 ELMask:f8
PIC1:
 IMR :8f ISR   :00 IRR   :00 LIRR:00
 Base:70 PriAdd:00 RegSel:00
 Poll:00 SpMask:00 IState:00
 AEOI:00 Rotate:00 FNest :00 Ini4:01
 ELCR:0e ELMask:de
!!
!! {pit}
!!
PIT (i8254) channel 0 status: irq=0x0
      count=00010000  latched_count=0000  count_latched=00
           status=00   status_latched=00     read_state=03
      write_state=03      write_latch=00        rw_mode=03
             mode=02              bcd=00           gate=01
  count_load_time=00000000a2708b89 next_transition_time=0000000309ea6d02
      u64ReloadTS=0000000306a454a9            u64NextTS=0000000309ea6d02
PIT (i8254) channel 1 status: irq=0x0
      count=00010000  latched_count=0000  count_latched=00
           status=00   status_latched=00     read_state=00
      write_state=00      write_latch=00        rw_mode=00
             mode=03              bcd=00           gate=01
  count_load_time=0000000000000000 next_transition_time=0000000000000000
      u64ReloadTS=0000000000000000            u64NextTS=ffffffffffffffff
PIT (i8254) channel 2 status: irq=0x0
      count=0000ffff  latched_count=0000  count_latched=00
           status=00   status_latched=00     read_state=03
      write_state=03      write_latch=ff        rw_mode=03
             mode=00              bcd=00           gate=00
  count_load_time=00000000ac4d09c4 next_transition_time=0000000000000000
      u64ReloadTS=00000000ac4d09c4            u64NextTS=ffffffffffffffff
speaker_data_on=0x0
!!
!! {plugins}
!!
No plug-ins loaded
!!
!! {ps2k}
!!
PS/2 Keyboard: scan set 2, scanning enabled
Active command 00
LED state 00, Num Lock off
Typematic delay 500ms, repeat period 91ms
Command queue: 0 items (4 max)
Input queue  : 0 items (64 max)
!!
!! {ps2m}
!!
PS/2 mouse state: normal, stream mode, reporting disabled
Protocol: PS/2, scaling 1:1
Active command 00
Sampling rate 100 reports/sec, resolution 4 counts/mm
Command queue: 0 items (8 max)
Event queue  : 0 items (256 max)
!!
!! {rtc}
!!
Time: 18:12:54  Date: 17-06-08
REG A=26 B=02 C=00 D=80
!!
!! {tracebuf}
!!
Tracing is disable
!!
!! {vbe}
!!
LFB at 00000000e0000000
VBE disabled
!!
!! {vga}
!!
pixel clock: 28.322 MHz
double scanning off
double clocking off
htotal: 900 px (100 cclk)
vtotal: 449 px
hdisp : 720 px (80 cclk)
vdisp : 400 px
split : 1023 ln
start : 0x0
char height 16
text mode 80x25
cbLine:   0x280
offStart: 0x0 (line 0x0)
display refresh interval: 20 ms
!!
!! {vgaar}
!!
VGA Attribute Controller (3C0): index reg 20, flip-flop: 0 (index)
 Palette: 00 01 02 03 04 05 14 07 38 39 3A 3B 3C 3D 3E 3F
 AR10:0C AR11:00 AR12:0F AR13:08 AR14:00
!!
!! {vgacr}
!!
VGA CRTC (3D5): CRTC index 3D4:0F
 CR00:5F CR01:4F CR02:50 CR03:82 CR04:55 CR05:81 CR06:BF CR07:1F CR08:00 CR09:4F
 CR0A:0E CR0B:0F CR0C:00 CR0D:00 CR0E:00 CR0F:00 CR10:9C CR11:8E CR12:8F CR13:28
 CR14:1F CR15:96 CR16:B9 CR17:A3 CR18:FF
!!
!! {vgadac}
!!
VGA DAC contents:
 00: 00 00 00
 01: 00 00 2A
 02: 00 2A 00
 03: 00 2A 2A
 04: 2A 00 00
 05: 2A 00 2A
 06: 2A 2A 00
 07: 2A 2A 2A
 08: 00 00 15
 09: 00 00 3F
 0A: 00 2A 15
 0B: 00 2A 3F
 0C: 2A 00 15
 0D: 2A 00 3F
 0E: 2A 2A 15
 0F: 2A 2A 3F
 10: 00 15 00
 11: 00 15 2A
 12: 00 3F 00
 13: 00 3F 2A
 14: 2A 15 00
 15: 2A 15 2A
 16: 2A 3F 00
 17: 2A 3F 2A
 18: 00 15 15
 19: 00 15 3F
 1A: 00 3F 15
 1B: 00 3F 3F
 1C: 2A 15 15
 1D: 2A 15 3F
 1E: 2A 3F 15
 1F: 2A 3F 3F
 20: 15 00 00
 21: 15 00 2A
 22: 15 2A 00
 23: 15 2A 2A
 24: 3F 00 00
 25: 3F 00 2A
 26: 3F 2A 00
 27: 3F 2A 2A
 28: 15 00 15
 29: 15 00 3F
 2A: 15 2A 15
 2B: 15 2A 3F
 2C: 3F 00 15
 2D: 3F 00 3F
 2E: 3F 2A 15
 2F: 3F 2A 3F
 30: 15 15 00
 31: 15 15 2A
 32: 15 3F 00
 33: 15 3F 2A
 34: 3F 15 00
 35: 3F 15 2A
 36: 3F 3F 00
 37: 3F 3F 2A
 38: 15 15 15
 39: 15 15 3F
 3A: 15 3F 15
 3B: 15 3F 3F
 3C: 3F 15 15
 3D: 3F 15 3F
 3E: 3F 3F 15
 3F: 3F 3F 3F
 40: 00 00 00
 41: 00 00 00
 42: 00 00 00
 43: 00 00 00
 44: 00 00 00
 45: 00 00 00
 46: 00 00 00
 47: 00 00 00
 48: 00 00 00
 49: 00 00 00
 4A: 00 00 00
 4B: 00 00 00
 4C: 00 00 00
 4D: 00 00 00
 4E: 00 00 00
 4F: 00 00 00
 50: 00 00 00
 51: 00 00 00
 52: 00 00 00
 53: 00 00 00
 54: 00 00 00
 55: 00 00 00
 56: 00 00 00
 57: 00 00 00
 58: 00 00 00
 59: 00 00 00
 5A: 00 00 00
 5B: 00 00 00
 5C: 00 00 00
 5D: 00 00 00
 5E: 00 00 00
 5F: 00 00 00
 60: 00 00 00
 61: 00 00 00
 62: 00 00 00
 63: 00 00 00
 64: 00 00 00
 65: 00 00 00
 66: 00 00 00
 67: 00 00 00
 68: 00 00 00
 69: 00 00 00
 6A: 00 00 00
 6B: 00 00 00
 6C: 00 00 00
 6D: 00 00 00
 6E: 00 00 00
 6F: 00 00 00
 70: 00 00 00
 71: 00 00 00
 72: 00 00 00
 73: 00 00 00
 74: 00 00 00
 75: 00 00 00
 76: 00 00 00
 77: 00 00 00
 78: 00 00 00
 79: 00 00 00
 7A: 00 00 00
 7B: 00 00 00
 7C: 00 00 00
 7D: 00 00 00
 7E: 00 00 00
 7F: 00 00 00
 80: 00 00 00
 81: 00 00 00
 82: 00 00 00
 83: 00 00 00
 84: 00 00 00
 85: 00 00 00
 86: 00 00 00
 87: 00 00 00
 88: 00 00 00
 89: 00 00 00
 8A: 00 00 00
 8B: 00 00 00
 8C: 00 00 00
 8D: 00 00 00
 8E: 00 00 00
 8F: 00 00 00
 90: 00 00 00
 91: 00 00 00
 92: 00 00 00
 93: 00 00 00
 94: 00 00 00
 95: 00 00 00
 96: 00 00 00
 97: 00 00 00
 98: 00 00 00
 99: 00 00 00
 9A: 00 00 00
 9B: 00 00 00
 9C: 00 00 00
 9D: 00 00 00
 9E: 00 00 00
 9F: 00 00 00
 A0: 00 00 00
 A1: 00 00 00
 A2: 00 00 00
 A3: 00 00 00
 A4: 00 00 00
 A5: 00 00 00
 A6: 00 00 00
 A7: 00 00 00
 A8: 00 00 00
 A9: 00 00 00
 AA: 00 00 00
 AB: 00 00 00
 AC: 00 00 00
 AD: 00 00 00
 AE: 00 00 00
 AF: 00 00 00
 B0: 00 00 00
 B1: 00 00 00
 B2: 00 00 00
 B3: 00 00 00
 B4: 00 00 00
 B5: 00 00 00
 B6: 00 00 00
 B7: 00 00 00
 B8: 00 00 00
 B9: 00 00 00
 BA: 00 00 00
 BB: 00 00 00
 BC: 00 00 00
 BD: 00 00 00
 BE: 00 00 00
 BF: 00 00 00
 C0: 00 00 00
 C1: 00 00 00
 C2: 00 00 00
 C3: 00 00 00
 C4: 00 00 00
 C5: 00 00 00
 C6: 00 00 00
 C7: 00 00 00
 C8: 00 00 00
 C9: 00 00 00
 CA: 00 00 00
 CB: 00 00 00
 CC: 00 00 00
 CD: 00 00 00
 CE: 00 00 00
 CF: 00 00 00
 D0: 00 00 00
 D1: 00 00 00
 D2: 00 00 00
 D3: 00 00 00
 D4: 00 00 00
 D5: 00 00 00
 D6: 00 00 00
 D7: 00 00 00
 D8: 00 00 00
 D9: 00 00 00
 DA: 00 00 00
 DB: 00 00 00
 DC: 00 00 00
 DD: 00 00 00
 DE: 00 00 00
 DF: 00 00 00
 E0: 00 00 00
 E1: 00 00 00
 E2: 00 00 00
 E3: 00 00 00
 E4: 00 00 00
 E5: 00 00 00
 E6: 00 00 00
 E7: 00 00 00
 E8: 00 00 00
 E9: 00 00 00
 EA: 00 00 00
 EB: 00 00 00
 EC: 00 00 00
 ED: 00 00 00
 EE: 00 00 00
 EF: 00 00 00
 F0: 00 00 00
 F1: 00 00 00
 F2: 00 00 00
 F3: 00 00 00
 F4: 00 00 00
 F5: 00 00 00
 F6: 00 00 00
 F7: 00 00 00
 F8: 00 00 00
 F9: 00 00 00
 FA: 00 00 00
 FB: 00 00 00
 FC: 00 00 00
 FD: 00 00 00
 FE: 00 00 00
 FF: 00 00 00
!!
!! {vgagr}
!!
VGA Graphics Controller (3CF): GR index 3CE:05
 GR00:00 GR01:00 GR02:00 GR03:00 GR04:00 GR05:10 GR06:0E GR07:0F GR08:FF
!!
!! {vgapl}
!!
read mode     : 0     write mode: 0
set/reset data: 00    S/R enable: 00
color compare : 00    read map  : 0
rotate        : 0     function  : 0
don't care    : 0F    bit mask  : FF
seq plane mask: 03    chain-4   : off
!!
!! {vgasr}
!!
VGA Sequencer (3C5): SR index 3C4:03
 SR00:03 SR01:00 SR02:03 SR03:00 SR04:02
!!
!! {vgatext}
!!
------------------------------------ 80x25 -------------------------------------
 Programs                                                                       
                                                                                
 Terminal                                                                       
 Charmap                                                                        
 Memory                                                                         
 Colors                                                                         
                                                                                
                                                                                
                                                                                
                                                                                
                                                                                
                                                                                
                                                                                
                                                                                
                                                                                
                                                                                
                                                                                
                                                                                
                                                                                
                                                                                
                                                                                
                                                                                
                                                                                
                                                                                
                                                                          12:45 
--------------------------------------------------------------------------------
!!!!!!!!!!!!!!!!!!!!!!!!!!!!!!!!!!!!!!!!!!!!!!!!!!!!!!!!!!!!!!!!!!!!!!
